2013-01-24 11:53:44,161 INFO  [liquibase][Thread-2] - Successfully acquired change log lock
2013-01-24 11:53:44,285 INFO  [liquibase][Thread-2] - Creating database history table with name: DATABASECHANGELOG
2013-01-24 11:53:44,322 INFO  [liquibase][Thread-2] - Reading from DATABASECHANGELOG
2013-01-24 11:53:44,325 INFO  [liquibase][Thread-2] - Reading from DATABASECHANGELOG
2013-01-24 11:53:44,398 INFO  [liquibase][Thread-2] - ChangeSet classpath:com/springsource/insight/repo/liquibase-db.xml::createConfigsTable::insightdb ran successfully in 12ms
2013-01-24 11:53:44,438 INFO  [liquibase][Thread-2] - ChangeSet classpath:com/springsource/insight/repo/liquibase-db.xml::createTraceTagRulesTable::insightdb ran successfully in 23ms
2013-01-24 11:53:44,457 INFO  [liquibase][Thread-2] - ChangeSet classpath:com/springsource/insight/repo/liquibase-db.xml::createTraceSummariesTable::insightdb ran successfully in 9ms
2013-01-24 11:53:44,466 INFO  [liquibase][Thread-2] - ChangeSet classpath:com/springsource/insight/repo/liquibase-db.xml::createTraceSummariesEndPointIndex::insightdb ran successfully in 2ms
2013-01-24 11:53:44,480 INFO  [liquibase][Thread-2] - ChangeSet classpath:com/springsource/insight/repo/liquibase-db.xml::createTagsTable::insightdb ran successfully in 5ms
2013-01-24 11:53:44,490 INFO  [liquibase][Thread-2] - ChangeSet classpath:com/springsource/insight/repo/liquibase-db.xml::createTraceTagsTable::insightdb ran successfully in 5ms
2013-01-24 11:53:44,499 INFO  [liquibase][Thread-2] - ChangeSet classpath:com/springsource/insight/repo/liquibase-db.xml::createTraceSummaryIndexes::insightdb ran successfully in 4ms
2013-01-24 11:53:44,507 INFO  [liquibase][Thread-2] - Successfully released change log lock
2013-01-24 11:53:44,524 INFO  [liquibase][Thread-2] - Successfully released change log lock
2013-01-24 11:53:47,418 WARN  [net.sf.ehcache.hibernate.AbstractEhcacheProvider][Thread-2] - A configurationResourceName was set to /META-INF/ehcache.xml but the resource could not be loaded from the classpath.Ehcache will configure itself using defaults.
2013-01-24 11:53:48,217 WARN  [org.hibernate.cache.impl.bridge.EntityRegionAdapter][Thread-2] - read-only cache configured for mutable entity [com.springsource.insight.repo.tag.persist.PersistedTag]
2013-01-24 11:53:57,458 INFO  [com.springsource.insight.repo.purge.IncrementalPurgerImpl][purgeThread] - Completed incremental purge of 1 resources
2013-01-24 15:53:37,262 INFO  [liquibase][Thread-4] - Successfully acquired change log lock
2013-01-24 15:53:37,377 INFO  [liquibase][Thread-4] - Reading from DATABASECHANGELOG
2013-01-24 15:53:37,380 INFO  [liquibase][Thread-4] - Reading from DATABASECHANGELOG
2013-01-24 15:53:37,435 INFO  [liquibase][Thread-4] - Successfully released change log lock
2013-01-24 15:53:37,446 INFO  [liquibase][Thread-4] - Successfully released change log lock
2013-01-24 15:53:40,562 WARN  [net.sf.ehcache.hibernate.AbstractEhcacheProvider][Thread-4] - A configurationResourceName was set to /META-INF/ehcache.xml but the resource could not be loaded from the classpath.Ehcache will configure itself using defaults.
2013-01-24 15:53:41,225 WARN  [org.hibernate.cache.impl.bridge.EntityRegionAdapter][Thread-4] - read-only cache configured for mutable entity [com.springsource.insight.repo.tag.persist.PersistedTag]
